2017-09-12T09:28:38+00:00 ERR (3): 
exception 'Exception' with message 'Notice: Undefined variable: _productCollection  in H:\web\item\sawjoy.com\app\design\frontend\tv_bigboom_package\tv_bigboom1\template\themevast\featuredproduct\featuredproduct.phtml on line 53' in H:\web\item\sawjoy.com\app\code\core\Mage\Core\functions.php:245
Stack trace:
#0 H:\web\item\sawjoy.com\app\design\frontend\tv_bigboom_package\tv_bigboom1\template\themevast\featuredproduct\featuredproduct.phtml(53): mageCoreErrorHandler(8, 'Undefined varia...', 'H:\\web\\item\\saw...', 53, Array)
#1 H:\web\item\sawjoy.com\app\code\core\Mage\Core\Block\Template.php(241): include('H:\\web\\item\\saw...')
#2 H:\web\item\sawjoy.com\app\code\core\Mage\Core\Block\Template.php(272): Mage_Core_Block_Template->fetchView('frontend\\tv_big...')
#3 H:\web\item\sawjoy.com\app\code\core\Mage\Core\Block\Template.php(286): Mage_Core_Block_Template->renderView()
#4 H:\web\item\sawjoy.com\app\code\core\Mage\Core\Block\Abstract.php(919): Mage_Core_Block_Template->_toHtml()
#5 H:\web\item\sawjoy.com\app\code\core\Mage\Core\Model\Email\Template\Filter.php(196): Mage_Core_Block_Abstract->toHtml()
#6 [internal function]: Mage_Core_Model_Email_Template_Filter->blockDirective(Array)
#7 H:\web\item\sawjoy.com\lib\Varien\Filter\Template.php(163): call_user_func(Array, Array)
#8 H:\web\item\sawjoy.com\app\code\core\Mage\Core\Model\Email\Template\Filter.php(548): Varien_Filter_Template->filter('<div class="hom...')
#9 H:\web\item\sawjoy.com\app\code\core\Mage\Cms\Block\Page.php(101): Mage_Core_Model_Email_Template_Filter->filter('<div class="hom...')
#10 H:\web\item\sawjoy.com\app\code\core\Mage\Core\Block\Abstract.php(919): Mage_Cms_Block_Page->_toHtml()
#11 H:\web\item\sawjoy.com\app\code\core\Mage\Core\Block\Abstract.php(637): Mage_Core_Block_Abstract->toHtml()
#12 H:\web\item\sawjoy.com\app\code\core\Mage\Core\Block\Abstract.php(577): Mage_Core_Block_Abstract->_getChildHtml('cms_page', true)
#13 H:\web\item\sawjoy.com\app\code\core\Mage\Page\Block\Html\Wrapper.php(52): Mage_Core_Block_Abstract->getChildHtml('', true, true)
#14 H:\web\item\sawjoy.com\app\code\core\Mage\Core\Block\Abstract.php(919): Mage_Page_Block_Html_Wrapper->_toHtml()
#15 H:\web\item\sawjoy.com\app\code\core\Mage\Core\Block\Text\List.php(43): Mage_Core_Block_Abstract->toHtml()
#16 H:\web\item\sawjoy.com\app\code\core\Mage\Core\Block\Abstract.php(919): Mage_Core_Block_Text_List->_toHtml()
#17 H:\web\item\sawjoy.com\app\code\core\Mage\Core\Block\Abstract.php(637): Mage_Core_Block_Abstract->toHtml()
#18 H:\web\item\sawjoy.com\app\code\core\Mage\Core\Block\Abstract.php(581): Mage_Core_Block_Abstract->_getChildHtml('content', true)
#19 H:\web\item\sawjoy.com\app\design\frontend\tv_bigboom_package\tv_bigboom1\template\page\2columns-right.phtml(60): Mage_Core_Block_Abstract->getChildHtml('content')
#20 H:\web\item\sawjoy.com\app\code\core\Mage\Core\Block\Template.php(241): include('H:\\web\\item\\saw...')
#21 H:\web\item\sawjoy.com\app\code\core\Mage\Core\Block\Template.php(272): Mage_Core_Block_Template->fetchView('frontend\\tv_big...')
#22 H:\web\item\sawjoy.com\app\code\core\Mage\Core\Block\Template.php(286): Mage_Core_Block_Template->renderView()
#23 H:\web\item\sawjoy.com\app\code\core\Mage\Core\Block\Abstract.php(919): Mage_Core_Block_Template->_toHtml()
#24 H:\web\item\sawjoy.com\app\code\core\Mage\Core\Model\Layout.php(555): Mage_Core_Block_Abstract->toHtml()
#25 H:\web\item\sawjoy.com\app\code\core\Mage\Core\Controller\Varien\Action.php(390): Mage_Core_Model_Layout->getOutput()
#26 H:\web\item\sawjoy.com\app\code\core\Mage\Cms\Helper\Page.php(137): Mage_Core_Controller_Varien_Action->renderLayout()
#27 H:\web\item\sawjoy.com\app\code\core\Mage\Cms\Helper\Page.php(52): Mage_Cms_Helper_Page->_renderPage(Object(Mage_Cms_IndexController), 'tv_bigboom_home...')
#28 H:\web\item\sawjoy.com\app\code\core\Mage\Cms\controllers\IndexController.php(45): Mage_Cms_Helper_Page->renderPage(Object(Mage_Cms_IndexController), 'tv_bigboom_home...')
#29 H:\web\item\sawjoy.com\app\code\core\Mage\Core\Controller\Varien\Action.php(418): Mage_Cms_IndexController->indexAction()
#30 H:\web\item\sawjoy.com\app\code\core\Mage\Core\Controller\Varien\Router\Standard.php(250): Mage_Core_Controller_Varien_Action->dispatch('index')
#31 H:\web\item\sawjoy.com\app\code\core\Mage\Core\Controller\Varien\Front.php(172): Mage_Core_Controller_Varien_Router_Standard->match(Object(Mage_Core_Controller_Request_Http))
#32 H:\web\item\sawjoy.com\app\code\core\Mage\Core\Model\App.php(354): Mage_Core_Controller_Varien_Front->dispatch()
#33 H:\web\item\sawjoy.com\app\Mage.php(684): Mage_Core_Model_App->run(Array)
#34 H:\web\item\sawjoy.com\index.php(88): Mage::run('', 'store')
#35 {main}
2017-09-12T09:45:10+00:00 ERR (3): 
exception 'Exception' with message 'Notice: Undefined variable: _productCollection  in H:\web\item\sawjoy.com\app\design\frontend\tv_bigboom_package\tv_bigboom1\template\themevast\featuredproduct\featuredproduct.phtml on line 53' in H:\web\item\sawjoy.com\app\code\core\Mage\Core\functions.php:245
Stack trace:
#0 H:\web\item\sawjoy.com\app\design\frontend\tv_bigboom_package\tv_bigboom1\template\themevast\featuredproduct\featuredproduct.phtml(53): mageCoreErrorHandler(8, 'Undefined varia...', 'H:\\web\\item\\saw...', 53, Array)
#1 H:\web\item\sawjoy.com\app\code\core\Mage\Core\Block\Template.php(241): include('H:\\web\\item\\saw...')
#2 H:\web\item\sawjoy.com\app\code\core\Mage\Core\Block\Template.php(272): Mage_Core_Block_Template->fetchView('frontend\\tv_big...')
#3 H:\web\item\sawjoy.com\app\code\core\Mage\Core\Block\Template.php(286): Mage_Core_Block_Template->renderView()
#4 H:\web\item\sawjoy.com\app\code\core\Mage\Core\Block\Abstract.php(919): Mage_Core_Block_Template->_toHtml()
#5 H:\web\item\sawjoy.com\app\code\core\Mage\Core\Model\Email\Template\Filter.php(196): Mage_Core_Block_Abstract->toHtml()
#6 [internal function]: Mage_Core_Model_Email_Template_Filter->blockDirective(Array)
#7 H:\web\item\sawjoy.com\lib\Varien\Filter\Template.php(163): call_user_func(Array, Array)
#8 H:\web\item\sawjoy.com\app\code\core\Mage\Core\Model\Email\Template\Filter.php(548): Varien_Filter_Template->filter('<div class="hom...')
#9 H:\web\item\sawjoy.com\app\code\core\Mage\Cms\Block\Page.php(101): Mage_Core_Model_Email_Template_Filter->filter('<div class="hom...')
#10 H:\web\item\sawjoy.com\app\code\core\Mage\Core\Block\Abstract.php(919): Mage_Cms_Block_Page->_toHtml()
#11 H:\web\item\sawjoy.com\app\code\core\Mage\Core\Block\Abstract.php(637): Mage_Core_Block_Abstract->toHtml()
#12 H:\web\item\sawjoy.com\app\code\core\Mage\Core\Block\Abstract.php(577): Mage_Core_Block_Abstract->_getChildHtml('cms_page', true)
#13 H:\web\item\sawjoy.com\app\code\core\Mage\Page\Block\Html\Wrapper.php(52): Mage_Core_Block_Abstract->getChildHtml('', true, true)
#14 H:\web\item\sawjoy.com\app\code\core\Mage\Core\Block\Abstract.php(919): Mage_Page_Block_Html_Wrapper->_toHtml()
#15 H:\web\item\sawjoy.com\app\code\core\Mage\Core\Block\Text\List.php(43): Mage_Core_Block_Abstract->toHtml()
#16 H:\web\item\sawjoy.com\app\code\core\Mage\Core\Block\Abstract.php(919): Mage_Core_Block_Text_List->_toHtml()
#17 H:\web\item\sawjoy.com\app\code\core\Mage\Core\Block\Abstract.php(637): Mage_Core_Block_Abstract->toHtml()
#18 H:\web\item\sawjoy.com\app\code\core\Mage\Core\Block\Abstract.php(581): Mage_Core_Block_Abstract->_getChildHtml('content', true)
#19 H:\web\item\sawjoy.com\app\design\frontend\tv_bigboom_package\tv_bigboom1\template\page\2columns-right.phtml(60): Mage_Core_Block_Abstract->getChildHtml('content')
#20 H:\web\item\sawjoy.com\app\code\core\Mage\Core\Block\Template.php(241): include('H:\\web\\item\\saw...')
#21 H:\web\item\sawjoy.com\app\code\core\Mage\Core\Block\Template.php(272): Mage_Core_Block_Template->fetchView('frontend\\tv_big...')
#22 H:\web\item\sawjoy.com\app\code\core\Mage\Core\Block\Template.php(286): Mage_Core_Block_Template->renderView()
#23 H:\web\item\sawjoy.com\app\code\core\Mage\Core\Block\Abstract.php(919): Mage_Core_Block_Template->_toHtml()
#24 H:\web\item\sawjoy.com\app\code\core\Mage\Core\Model\Layout.php(555): Mage_Core_Block_Abstract->toHtml()
#25 H:\web\item\sawjoy.com\app\code\core\Mage\Core\Controller\Varien\Action.php(390): Mage_Core_Model_Layout->getOutput()
#26 H:\web\item\sawjoy.com\app\code\core\Mage\Cms\Helper\Page.php(137): Mage_Core_Controller_Varien_Action->renderLayout()
#27 H:\web\item\sawjoy.com\app\code\core\Mage\Cms\Helper\Page.php(52): Mage_Cms_Helper_Page->_renderPage(Object(Mage_Cms_IndexController), 'tv_bigboom_home...')
#28 H:\web\item\sawjoy.com\app\code\core\Mage\Cms\controllers\IndexController.php(45): Mage_Cms_Helper_Page->renderPage(Object(Mage_Cms_IndexController), 'tv_bigboom_home...')
#29 H:\web\item\sawjoy.com\app\code\core\Mage\Core\Controller\Varien\Action.php(418): Mage_Cms_IndexController->indexAction()
#30 H:\web\item\sawjoy.com\app\code\core\Mage\Core\Controller\Varien\Router\Standard.php(250): Mage_Core_Controller_Varien_Action->dispatch('index')
#31 H:\web\item\sawjoy.com\app\code\core\Mage\Core\Controller\Varien\Front.php(172): Mage_Core_Controller_Varien_Router_Standard->match(Object(Mage_Core_Controller_Request_Http))
#32 H:\web\item\sawjoy.com\app\code\core\Mage\Core\Model\App.php(354): Mage_Core_Controller_Varien_Front->dispatch()
#33 H:\web\item\sawjoy.com\app\Mage.php(684): Mage_Core_Model_App->run(Array)
#34 H:\web\item\sawjoy.com\index.php(88): Mage::run('', 'store')
#35 {main}
2017-09-12T11:34:05+00:00 ERR (3): 
exception 'Exception' with message 'Notice: Undefined variable: _categoryId  in H:\web\item\sawjoy.com\app\design\frontend\tv_bigboom_package\tv_bigboom1\template\themevast\featuredproduct\featuredproduct.phtml on line 83' in H:\web\item\sawjoy.com\app\code\core\Mage\Core\functions.php:245
Stack trace:
#0 H:\web\item\sawjoy.com\app\design\frontend\tv_bigboom_package\tv_bigboom1\template\themevast\featuredproduct\featuredproduct.phtml(83): mageCoreErrorHandler(8, 'Undefined varia...', 'H:\\web\\item\\saw...', 83, Array)
#1 H:\web\item\sawjoy.com\app\code\core\Mage\Core\Block\Template.php(241): include('H:\\web\\item\\saw...')
#2 H:\web\item\sawjoy.com\app\code\core\Mage\Core\Block\Template.php(272): Mage_Core_Block_Template->fetchView('frontend\\tv_big...')
#3 H:\web\item\sawjoy.com\app\code\core\Mage\Core\Block\Template.php(286): Mage_Core_Block_Template->renderView()
#4 H:\web\item\sawjoy.com\app\code\core\Mage\Core\Block\Abstract.php(919): Mage_Core_Block_Template->_toHtml()
#5 H:\web\item\sawjoy.com\app\code\core\Mage\Core\Model\Email\Template\Filter.php(196): Mage_Core_Block_Abstract->toHtml()
#6 [internal function]: Mage_Core_Model_Email_Template_Filter->blockDirective(Array)
#7 H:\web\item\sawjoy.com\lib\Varien\Filter\Template.php(163): call_user_func(Array, Array)
#8 H:\web\item\sawjoy.com\app\code\core\Mage\Core\Model\Email\Template\Filter.php(548): Varien_Filter_Template->filter('<div class="hom...')
#9 H:\web\item\sawjoy.com\app\code\core\Mage\Cms\Block\Page.php(101): Mage_Core_Model_Email_Template_Filter->filter('<div class="hom...')
#10 H:\web\item\sawjoy.com\app\code\core\Mage\Core\Block\Abstract.php(919): Mage_Cms_Block_Page->_toHtml()
#11 H:\web\item\sawjoy.com\app\code\core\Mage\Core\Block\Abstract.php(637): Mage_Core_Block_Abstract->toHtml()
#12 H:\web\item\sawjoy.com\app\code\core\Mage\Core\Block\Abstract.php(577): Mage_Core_Block_Abstract->_getChildHtml('cms_page', true)
#13 H:\web\item\sawjoy.com\app\code\core\Mage\Page\Block\Html\Wrapper.php(52): Mage_Core_Block_Abstract->getChildHtml('', true, true)
#14 H:\web\item\sawjoy.com\app\code\core\Mage\Core\Block\Abstract.php(919): Mage_Page_Block_Html_Wrapper->_toHtml()
#15 H:\web\item\sawjoy.com\app\code\core\Mage\Core\Block\Text\List.php(43): Mage_Core_Block_Abstract->toHtml()
#16 H:\web\item\sawjoy.com\app\code\core\Mage\Core\Block\Abstract.php(919): Mage_Core_Block_Text_List->_toHtml()
#17 H:\web\item\sawjoy.com\app\code\core\Mage\Core\Block\Abstract.php(637): Mage_Core_Block_Abstract->toHtml()
#18 H:\web\item\sawjoy.com\app\code\core\Mage\Core\Block\Abstract.php(581): Mage_Core_Block_Abstract->_getChildHtml('content', true)
#19 H:\web\item\sawjoy.com\app\design\frontend\tv_bigboom_package\tv_bigboom1\template\page\2columns-right.phtml(60): Mage_Core_Block_Abstract->getChildHtml('content')
#20 H:\web\item\sawjoy.com\app\code\core\Mage\Core\Block\Template.php(241): include('H:\\web\\item\\saw...')
#21 H:\web\item\sawjoy.com\app\code\core\Mage\Core\Block\Template.php(272): Mage_Core_Block_Template->fetchView('frontend\\tv_big...')
#22 H:\web\item\sawjoy.com\app\code\core\Mage\Core\Block\Template.php(286): Mage_Core_Block_Template->renderView()
#23 H:\web\item\sawjoy.com\app\code\core\Mage\Core\Block\Abstract.php(919): Mage_Core_Block_Template->_toHtml()
#24 H:\web\item\sawjoy.com\app\code\core\Mage\Core\Model\Layout.php(555): Mage_Core_Block_Abstract->toHtml()
#25 H:\web\item\sawjoy.com\app\code\core\Mage\Core\Controller\Varien\Action.php(390): Mage_Core_Model_Layout->getOutput()
#26 H:\web\item\sawjoy.com\app\code\core\Mage\Cms\Helper\Page.php(137): Mage_Core_Controller_Varien_Action->renderLayout()
#27 H:\web\item\sawjoy.com\app\code\core\Mage\Cms\Helper\Page.php(52): Mage_Cms_Helper_Page->_renderPage(Object(Mage_Cms_IndexController), 'tv_bigboom_home...')
#28 H:\web\item\sawjoy.com\app\code\core\Mage\Cms\controllers\IndexController.php(45): Mage_Cms_Helper_Page->renderPage(Object(Mage_Cms_IndexController), 'tv_bigboom_home...')
#29 H:\web\item\sawjoy.com\app\code\core\Mage\Core\Controller\Varien\Action.php(418): Mage_Cms_IndexController->indexAction()
#30 H:\web\item\sawjoy.com\app\code\core\Mage\Core\Controller\Varien\Router\Standard.php(250): Mage_Core_Controller_Varien_Action->dispatch('index')
#31 H:\web\item\sawjoy.com\app\code\core\Mage\Core\Controller\Varien\Front.php(172): Mage_Core_Controller_Varien_Router_Standard->match(Object(Mage_Core_Controller_Request_Http))
#32 H:\web\item\sawjoy.com\app\code\core\Mage\Core\Model\App.php(354): Mage_Core_Controller_Varien_Front->dispatch()
#33 H:\web\item\sawjoy.com\app\Mage.php(684): Mage_Core_Model_App->run(Array)
#34 H:\web\item\sawjoy.com\index.php(88): Mage::run('', 'store')
#35 {main}
2017-09-12T11:36:18+00:00 ERR (3): 
exception 'Exception' with message 'Notice: Undefined variable: _categoryId  in H:\web\item\sawjoy.com\app\design\frontend\tv_bigboom_package\tv_bigboom1\template\themevast\featuredproduct\featuredproduct.phtml on line 83' in H:\web\item\sawjoy.com\app\code\core\Mage\Core\functions.php:245
Stack trace:
#0 H:\web\item\sawjoy.com\app\design\frontend\tv_bigboom_package\tv_bigboom1\template\themevast\featuredproduct\featuredproduct.phtml(83): mageCoreErrorHandler(8, 'Undefined varia...', 'H:\\web\\item\\saw...', 83, Array)
#1 H:\web\item\sawjoy.com\app\code\core\Mage\Core\Block\Template.php(241): include('H:\\web\\item\\saw...')
#2 H:\web\item\sawjoy.com\app\code\core\Mage\Core\Block\Template.php(272): Mage_Core_Block_Template->fetchView('frontend\\tv_big...')
#3 H:\web\item\sawjoy.com\app\code\core\Mage\Core\Block\Template.php(286): Mage_Core_Block_Template->renderView()
#4 H:\web\item\sawjoy.com\app\code\core\Mage\Core\Block\Abstract.php(919): Mage_Core_Block_Template->_toHtml()
#5 H:\web\item\sawjoy.com\app\code\core\Mage\Core\Model\Email\Template\Filter.php(196): Mage_Core_Block_Abstract->toHtml()
#6 [internal function]: Mage_Core_Model_Email_Template_Filter->blockDirective(Array)
#7 H:\web\item\sawjoy.com\lib\Varien\Filter\Template.php(163): call_user_func(Array, Array)
#8 H:\web\item\sawjoy.com\app\code\core\Mage\Core\Model\Email\Template\Filter.php(548): Varien_Filter_Template->filter('<div class="hom...')
#9 H:\web\item\sawjoy.com\app\code\core\Mage\Cms\Block\Page.php(101): Mage_Core_Model_Email_Template_Filter->filter('<div class="hom...')
#10 H:\web\item\sawjoy.com\app\code\core\Mage\Core\Block\Abstract.php(919): Mage_Cms_Block_Page->_toHtml()
#11 H:\web\item\sawjoy.com\app\code\core\Mage\Core\Block\Abstract.php(637): Mage_Core_Block_Abstract->toHtml()
#12 H:\web\item\sawjoy.com\app\code\core\Mage\Core\Block\Abstract.php(577): Mage_Core_Block_Abstract->_getChildHtml('cms_page', true)
#13 H:\web\item\sawjoy.com\app\code\core\Mage\Page\Block\Html\Wrapper.php(52): Mage_Core_Block_Abstract->getChildHtml('', true, true)
#14 H:\web\item\sawjoy.com\app\code\core\Mage\Core\Block\Abstract.php(919): Mage_Page_Block_Html_Wrapper->_toHtml()
#15 H:\web\item\sawjoy.com\app\code\core\Mage\Core\Block\Text\List.php(43): Mage_Core_Block_Abstract->toHtml()
#16 H:\web\item\sawjoy.com\app\code\core\Mage\Core\Block\Abstract.php(919): Mage_Core_Block_Text_List->_toHtml()
#17 H:\web\item\sawjoy.com\app\code\core\Mage\Core\Block\Abstract.php(637): Mage_Core_Block_Abstract->toHtml()
#18 H:\web\item\sawjoy.com\app\code\core\Mage\Core\Block\Abstract.php(581): Mage_Core_Block_Abstract->_getChildHtml('content', true)
#19 H:\web\item\sawjoy.com\app\design\frontend\tv_bigboom_package\tv_bigboom1\template\page\2columns-right.phtml(60): Mage_Core_Block_Abstract->getChildHtml('content')
#20 H:\web\item\sawjoy.com\app\code\core\Mage\Core\Block\Template.php(241): include('H:\\web\\item\\saw...')
#21 H:\web\item\sawjoy.com\app\code\core\Mage\Core\Block\Template.php(272): Mage_Core_Block_Template->fetchView('frontend\\tv_big...')
#22 H:\web\item\sawjoy.com\app\code\core\Mage\Core\Block\Template.php(286): Mage_Core_Block_Template->renderView()
#23 H:\web\item\sawjoy.com\app\code\core\Mage\Core\Block\Abstract.php(919): Mage_Core_Block_Template->_toHtml()
#24 H:\web\item\sawjoy.com\app\code\core\Mage\Core\Model\Layout.php(555): Mage_Core_Block_Abstract->toHtml()
#25 H:\web\item\sawjoy.com\app\code\core\Mage\Core\Controller\Varien\Action.php(390): Mage_Core_Model_Layout->getOutput()
#26 H:\web\item\sawjoy.com\app\code\core\Mage\Cms\Helper\Page.php(137): Mage_Core_Controller_Varien_Action->renderLayout()
#27 H:\web\item\sawjoy.com\app\code\core\Mage\Cms\Helper\Page.php(52): Mage_Cms_Helper_Page->_renderPage(Object(Mage_Cms_IndexController), 'tv_bigboom_home...')
#28 H:\web\item\sawjoy.com\app\code\core\Mage\Cms\controllers\IndexController.php(45): Mage_Cms_Helper_Page->renderPage(Object(Mage_Cms_IndexController), 'tv_bigboom_home...')
#29 H:\web\item\sawjoy.com\app\code\core\Mage\Core\Controller\Varien\Action.php(418): Mage_Cms_IndexController->indexAction()
#30 H:\web\item\sawjoy.com\app\code\core\Mage\Core\Controller\Varien\Router\Standard.php(250): Mage_Core_Controller_Varien_Action->dispatch('index')
#31 H:\web\item\sawjoy.com\app\code\core\Mage\Core\Controller\Varien\Front.php(172): Mage_Core_Controller_Varien_Router_Standard->match(Object(Mage_Core_Controller_Request_Http))
#32 H:\web\item\sawjoy.com\app\code\core\Mage\Core\Model\App.php(354): Mage_Core_Controller_Varien_Front->dispatch()
#33 H:\web\item\sawjoy.com\app\Mage.php(684): Mage_Core_Model_App->run(Array)
#34 H:\web\item\sawjoy.com\index.php(88): Mage::run('', 'store')
#35 {main}
2017-09-12T14:32:47+00:00 ERR (3): 
exception 'Exception' with message 'Notice: Undefined variable: _categoryId  in H:\web\item\sawjoy.com\app\design\frontend\tv_bigboom_package\tv_bigboom1\template\themevast\featuredproduct\featuredproduct.phtml on line 83' in H:\web\item\sawjoy.com\app\code\core\Mage\Core\functions.php:245
Stack trace:
#0 H:\web\item\sawjoy.com\app\design\frontend\tv_bigboom_package\tv_bigboom1\template\themevast\featuredproduct\featuredproduct.phtml(83): mageCoreErrorHandler(8, 'Undefined varia...', 'H:\\web\\item\\saw...', 83, Array)
#1 H:\web\item\sawjoy.com\app\code\core\Mage\Core\Block\Template.php(241): include('H:\\web\\item\\saw...')
#2 H:\web\item\sawjoy.com\app\code\core\Mage\Core\Block\Template.php(272): Mage_Core_Block_Template->fetchView('frontend\\tv_big...')
#3 H:\web\item\sawjoy.com\app\code\core\Mage\Core\Block\Template.php(286): Mage_Core_Block_Template->renderView()
#4 H:\web\item\sawjoy.com\app\code\core\Mage\Core\Block\Abstract.php(919): Mage_Core_Block_Template->_toHtml()
#5 H:\web\item\sawjoy.com\app\code\core\Mage\Core\Model\Email\Template\Filter.php(196): Mage_Core_Block_Abstract->toHtml()
#6 [internal function]: Mage_Core_Model_Email_Template_Filter->blockDirective(Array)
#7 H:\web\item\sawjoy.com\lib\Varien\Filter\Template.php(163): call_user_func(Array, Array)
#8 H:\web\item\sawjoy.com\app\code\core\Mage\Core\Model\Email\Template\Filter.php(548): Varien_Filter_Template->filter('<div class="hom...')
#9 H:\web\item\sawjoy.com\app\code\core\Mage\Cms\Block\Page.php(101): Mage_Core_Model_Email_Template_Filter->filter('<div class="hom...')
#10 H:\web\item\sawjoy.com\app\code\core\Mage\Core\Block\Abstract.php(919): Mage_Cms_Block_Page->_toHtml()
#11 H:\web\item\sawjoy.com\app\code\core\Mage\Core\Block\Abstract.php(637): Mage_Core_Block_Abstract->toHtml()
#12 H:\web\item\sawjoy.com\app\code\core\Mage\Core\Block\Abstract.php(577): Mage_Core_Block_Abstract->_getChildHtml('cms_page', true)
#13 H:\web\item\sawjoy.com\app\code\core\Mage\Page\Block\Html\Wrapper.php(52): Mage_Core_Block_Abstract->getChildHtml('', true, true)
#14 H:\web\item\sawjoy.com\app\code\core\Mage\Core\Block\Abstract.php(919): Mage_Page_Block_Html_Wrapper->_toHtml()
#15 H:\web\item\sawjoy.com\app\code\core\Mage\Core\Block\Text\List.php(43): Mage_Core_Block_Abstract->toHtml()
#16 H:\web\item\sawjoy.com\app\code\core\Mage\Core\Block\Abstract.php(919): Mage_Core_Block_Text_List->_toHtml()
#17 H:\web\item\sawjoy.com\app\code\core\Mage\Core\Block\Abstract.php(637): Mage_Core_Block_Abstract->toHtml()
#18 H:\web\item\sawjoy.com\app\code\core\Mage\Core\Block\Abstract.php(581): Mage_Core_Block_Abstract->_getChildHtml('content', true)
#19 H:\web\item\sawjoy.com\app\design\frontend\tv_bigboom_package\tv_bigboom1\template\page\2columns-right.phtml(60): Mage_Core_Block_Abstract->getChildHtml('content')
#20 H:\web\item\sawjoy.com\app\code\core\Mage\Core\Block\Template.php(241): include('H:\\web\\item\\saw...')
#21 H:\web\item\sawjoy.com\app\code\core\Mage\Core\Block\Template.php(272): Mage_Core_Block_Template->fetchView('frontend\\tv_big...')
#22 H:\web\item\sawjoy.com\app\code\core\Mage\Core\Block\Template.php(286): Mage_Core_Block_Template->renderView()
#23 H:\web\item\sawjoy.com\app\code\core\Mage\Core\Block\Abstract.php(919): Mage_Core_Block_Template->_toHtml()
#24 H:\web\item\sawjoy.com\app\code\core\Mage\Core\Model\Layout.php(555): Mage_Core_Block_Abstract->toHtml()
#25 H:\web\item\sawjoy.com\app\code\core\Mage\Core\Controller\Varien\Action.php(390): Mage_Core_Model_Layout->getOutput()
#26 H:\web\item\sawjoy.com\app\code\core\Mage\Cms\Helper\Page.php(137): Mage_Core_Controller_Varien_Action->renderLayout()
#27 H:\web\item\sawjoy.com\app\code\core\Mage\Cms\Helper\Page.php(52): Mage_Cms_Helper_Page->_renderPage(Object(Mage_Cms_IndexController), 'tv_bigboom_home...')
#28 H:\web\item\sawjoy.com\app\code\core\Mage\Cms\controllers\IndexController.php(45): Mage_Cms_Helper_Page->renderPage(Object(Mage_Cms_IndexController), 'tv_bigboom_home...')
#29 H:\web\item\sawjoy.com\app\code\core\Mage\Core\Controller\Varien\Action.php(418): Mage_Cms_IndexController->indexAction()
#30 H:\web\item\sawjoy.com\app\code\core\Mage\Core\Controller\Varien\Router\Standard.php(250): Mage_Core_Controller_Varien_Action->dispatch('index')
#31 H:\web\item\sawjoy.com\app\code\core\Mage\Core\Controller\Varien\Front.php(172): Mage_Core_Controller_Varien_Router_Standard->match(Object(Mage_Core_Controller_Request_Http))
#32 H:\web\item\sawjoy.com\app\code\core\Mage\Core\Model\App.php(354): Mage_Core_Controller_Varien_Front->dispatch()
#33 H:\web\item\sawjoy.com\app\Mage.php(684): Mage_Core_Model_App->run(Array)
#34 H:\web\item\sawjoy.com\index.php(88): Mage::run('', 'store')
#35 {main}
